... move COLLECTIONS_TBL data from TIMETABLE_DATA to TMTDATA0102
... move DEPTS_PROPERTIES_TBL data from TIMETABLE_DATA to TMTDATA0102
... move HOLIDAYS_SCHEDULES_TBL data from TIMETABLE_DATA to TMTDATA0102
... move HOLISCHED_SPECS_DATA_TBL data from TIMETABLE_DATA to TMTDATA0102
... move HOLISCHED_SPECS_TBL data from TIMETABLE_DATA to TMTDATA0102
... move MILK_COST2_TBL data from TIMETABLE_DATA to TMTDATA0102
... move MILK_DEPT_REGISTER_TBL data from TIMETABLE_DATA to TMTDATA0102
... move MILK_DEPT_REGISTER2_TBL data from TIMETABLE_DATA to TMTDATA0102
... move MILK_DEPT_SPECS_TBL data from TIMETABLE_DATA to TMTDATA0102
... move MILK_DEPT_SPECS2_TBL data from TIMETABLE_DATA to TMTDATA0102
... move MILK_ENT_REGISTER_TBL data from TIMETABLE_DATA to TMTDATA0102
... move TIMETABLES_SPECS_DAYS_TBL data from TIMETABLE_DATA to TMTDATA0102
... move TIMETABLES_SPECS_HOURS_TBL data from TIMETABLE_DATA to TMTDATA0102
... move TIMETABLES_SPECS_TBL data from TIMETABLE_DATA to TMTDATA0102
... move TIMETABLES_TBL data from TIMETABLE_DATA to TMTDATA0102
... move TLOG data from TIMETABLE_DATA to TMTDATA0102
... move TLOGLEVEL data from TIMETABLE_DATA to TMTDATA0102
... move USERS_DEPTS_TBL data from TIMETABLE_DATA to TMTDATA0102
... move USERS_TBL data from TIMETABLE_DATA to TMTDATA0102
... move WORKDAYS_TBL data from TIMETABLE_DATA to TMTDATA0102
timing for: Move data
Elapsed: 00:00:33.25
